#
# There is insufficient memory for the Java Runtime Environment to continue.
# Native memory allocation (mmap) failed to map 268435456 bytes for G1 virtual space
# Possible reasons:
#   The system is out of physical RAM or swap space
#   The process is running with CompressedOops enabled, and the Java Heap may be blocking the growth of the native heap
# Possible solutions:
#   Reduce memory load on the system
#   Increase physical memory or swap space
#   Check if swap backing store is full
#   Decrease Java heap size (-Xmx/-Xms)
#   Decrease number of Java threads
#   Decrease Java thread stack sizes (-Xss)
#   Set larger code cache with -XX:ReservedCodeCacheSize=
#   JVM is running with Zero Based Compressed Oops mode in which the Java heap is
#     placed in the first 32GB address space. The Java Heap base address is the
#     maximum limit for the native heap growth. Please use -XX:HeapBaseMinAddress
#     to set the Java Heap base and to place the Java Heap above 32GB virtual address.
# This output file may be truncated or incomplete.
#
#  Out of Memory Error (os_windows.cpp:3557), pid=18984, tid=11680
#
# JRE version:  (17.0.6+10) (build )
# Java VM: OpenJDK 64-Bit Server VM (17.0.6+10, mixed mode, sharing, tiered, compressed oops, compressed class ptrs, g1 gc, windows-amd64)
# No core dump will be written. Minidumps are not enabled by default on client versions of Windows
#

---------------  S U M M A R Y ------------

Command Line: -Dfile.encoding=UTF-8 --module-path=C:\Users\X-135\git\javaprojects\Kinematics\bin;C:\Users\X-135\.p2\pool\plugins\org.eclipse.fx.ide.css.jfx8_3.8.0.202204150904.jar;C:\Users\X-135\.p2\javafx-sdk-20\lib\javafx.base.jar;C:\Users\X-135\.p2\javafx-sdk-20\lib\javafx.controls.jar;C:\Users\X-135\.p2\javafx-sdk-20\lib\javafx.fxml.jar;C:\Users\X-135\.p2\javafx-sdk-20\lib\javafx.graphics.jar;C:\Users\X-135\.p2\javafx-sdk-20\lib\javafx.media.jar;C:\Users\X-135\.p2\javafx-sdk-20\lib\javafx.swing.jar;C:\Users\X-135\.p2\javafx-sdk-20\lib\javafx.web.jar;C:\Users\X-135\.p2\javafx-sdk-20\lib\javafx-swt.jar -XX:+ShowCodeDetailsInExceptionMessages -Djdk.module.main=HelloWorld HelloWorld/application.Main

Host: Intel(R) Core(TM) i5-7600K CPU @ 3.80GHz, 4 cores, 15G,  Windows 10 , 64 bit Build 19041 (10.0.19041.2546)
Time: Mon Apr 10 20:27:56 2023 Pacific Daylight Time elapsed time: 0.008954 seconds (0d 0h 0m 0s)

---------------  T H R E A D  ---------------

Current thread (0x000001ab1618bf30):  JavaThread "Unknown thread" [_thread_in_vm, id=11680, stack(0x0000006c48400000,0x0000006c48500000)]

Stack: [0x0000006c48400000,0x0000006c48500000]
Native frames: (J=compiled Java code, j=interpreted, Vv=VM code, C=native code)
V  [jvm.dll+0x67741a]
V  [jvm.dll+0x834434]
V  [jvm.dll+0x835bde]
V  [jvm.dll+0x836243]
V  [jvm.dll+0x2457b5]
V  [jvm.dll+0x674329]
V  [jvm.dll+0x6689da]
V  [jvm.dll+0x30489b]
V  [jvm.dll+0x30bd96]
V  [jvm.dll+0x35b57e]
V  [jvm.dll+0x35b7af]
V  [jvm.dll+0x2db778]
V  [jvm.dll+0x2dc6e4]
V  [jvm.dll+0x806131]
V  [jvm.dll+0x369331]
V  [jvm.dll+0x7e56ac]
V  [jvm.dll+0x3eb35f]
V  [jvm.dll+0x3ecea1]
C  [jli.dll+0x5267]
C  [ucrtbase.dll+0x21bb2]
C  [KERNEL32.DLL+0x17614]
C  [ntdll.dll+0x526a1]


---------------  P R O C E S S  ---------------

Threads class SMR info:
_java_thread_list=0x00007fff16de5fd8, length=0, elements={
}

Java Threads: ( => current thread )

Other Threads:
  0x000001ab161f76d0 GCTaskThread "GC Thread#0" [stack: 0x0000006c48500000,0x0000006c48600000] [id=36604]
  0x000001ab16208510 ConcurrentGCThread "G1 Main Marker" [stack: 0x0000006c48600000,0x0000006c48700000] [id=19400]
  0x000001ab162096c0 ConcurrentGCThread "G1 Conc#0" [stack: 0x0000006c48700000,0x0000006c48800000] [id=17864]

[error occurred during error reporting (printing all threads), id 0xc0000005, EXCEPTION_ACCESS_VIOLATION (0xc0000005) at pc=0x00007fff165bc1e7]

VM state: not at safepoint (not fully initialized)

VM Mutex/Monitor currently owned by a thread:  ([mutex/lock_event])
[0x000001ab16189250] Heap_lock - owner thread: 0x000001ab1618bf30

Heap address: 0x0000000701000000, size: 4080 MB, Compressed Oops mode: Zero based, Oop shift amount: 3

CDS archive(s) mapped at: [0x0000000000000000-0x0000000000000000-0x0000000000000000), size 0, SharedBaseAddress: 0x0000000800000000, ArchiveRelocationMode: 0.
Narrow klass base: 0x0000000000000000, Narrow klass shift: 0, Narrow klass range: 0x0

GC Precious Log:
<Empty>

Heap:
 garbage-first heap   total 0K, used 0K [0x0000000701000000, 0x0000000800000000)
  region size 2048K, 0 young (0K), 0 survivors (0K)

[error occurred during error reporting (printing heap information), id 0xc0000005, EXCEPTION_ACCESS_VIOLATION (0xc0000005) at pc=0x00007fff169a06f9]

GC Heap History (0 events):
No events

Dll operation events (1 events):
Event: 0.006 Loaded shared library C:\Users\X-135\.p2\pool\plugins\org.eclipse.justj.openjdk.hotspot.jre.full.win32.x86_64_17.0.6.v20230204-1729\jre\bin\java.dll

Deoptimization events (0 events):
No events

Classes unloaded (0 events):
No events

Classes redefined (0 events):
No events

Internal exceptions (0 events):
No events

VM Operations (0 events):
No events

Events (0 events):
No events


Dynamic libraries:
0x00007ff6a7cb0000 - 0x00007ff6a7cbe000 	C:\Users\X-135\.p2\pool\plugins\org.eclipse.justj.openjdk.hotspot.jre.full.win32.x86_64_17.0.6.v20230204-1729\jre\bin\javaw.exe
0x00007fff80830000 - 0x00007fff80a28000 	C:\WINDOWS\SYSTEM32\ntdll.dll
0x00007fff7ff20000 - 0x00007fff7ffdf000 	C:\WINDOWS\System32\KERNEL32.DLL
0x00007fff7e310000 - 0x00007fff7e5e2000 	C:\WINDOWS\System32\KERNELBASE.dll
0x00007fff7e210000 - 0x00007fff7e310000 	C:\WINDOWS\System32\ucrtbase.dll
0x00007fff57640000 - 0x00007fff57659000 	C:\Users\X-135\.p2\pool\plugins\org.eclipse.justj.openjdk.hotspot.jre.full.win32.x86_64_17.0.6.v20230204-1729\jre\bin\VCRUNTIME140.dll
0x00007fff5c0b0000 - 0x00007fff5c0c7000 	C:\Users\X-135\.p2\pool\plugins\org.eclipse.justj.openjdk.hotspot.jre.full.win32.x86_64_17.0.6.v20230204-1729\jre\bin\jli.dll
0x00007fff7fd10000 - 0x00007fff7feb1000 	C:\WINDOWS\System32\USER32.dll
0x00007fff7df30000 - 0x00007fff7df52000 	C:\WINDOWS\System32\win32u.dll
0x00007fff7f2f0000 - 0x00007fff7f31b000 	C:\WINDOWS\System32\GDI32.dll
0x00007fff7e0b0000 - 0x00007fff7e1bf000 	C:\WINDOWS\System32\gdi32full.dll
0x00007fff7e010000 - 0x00007fff7e0ad000 	C:\WINDOWS\System32\msvcp_win.dll
0x00007fff64a50000 - 0x00007fff64cea000 	C:\WINDOWS\WinSxS\amd64_microsoft.windows.common-controls_6595b64144ccf1df_6.0.19041.1110_none_60b5254171f9507e\COMCTL32.dll
0x00007fff7f760000 - 0x00007fff7f7fe000 	C:\WINDOWS\System32\msvcrt.dll
0x00007fff7f0f0000 - 0x00007fff7f120000 	C:\WINDOWS\System32\IMM32.DLL
0x00007fff74b10000 - 0x00007fff74b1c000 	C:\Users\X-135\.p2\pool\plugins\org.eclipse.justj.openjdk.hotspot.jre.full.win32.x86_64_17.0.6.v20230204-1729\jre\bin\vcruntime140_1.dll
0x00007fff2a5f0000 - 0x00007fff2a681000 	C:\Users\X-135\.p2\pool\plugins\org.eclipse.justj.openjdk.hotspot.jre.full.win32.x86_64_17.0.6.v20230204-1729\jre\bin\msvcp140.dll
0x00007fff162d0000 - 0x00007fff16f17000 	C:\Users\X-135\.p2\pool\plugins\org.eclipse.justj.openjdk.hotspot.jre.full.win32.x86_64_17.0.6.v20230204-1729\jre\bin\server\jvm.dll
0x00007fff7f590000 - 0x00007fff7f63e000 	C:\WINDOWS\System32\ADVAPI32.dll
0x00007fff7f120000 - 0x00007fff7f1bc000 	C:\WINDOWS\System32\sechost.dll
0x00007fff7ef60000 - 0x00007fff7f084000 	C:\WINDOWS\System32\RPCRT4.dll
0x00007fff74ba0000 - 0x00007fff74ba9000 	C:\WINDOWS\SYSTEM32\WSOCK32.dll
0x00007fff7f640000 - 0x00007fff7f6ab000 	C:\WINDOWS\System32\WS2_32.dll
0x00007fff69a30000 - 0x00007fff69a57000 	C:\WINDOWS\SYSTEM32\WINMM.dll
0x00007fff78a00000 - 0x00007fff78a0a000 	C:\WINDOWS\SYSTEM32\VERSION.dll
0x00007fff7bd30000 - 0x00007fff7bd42000 	C:\WINDOWS\SYSTEM32\kernel.appcore.dll
0x00007fff74920000 - 0x00007fff7492a000 	C:\Users\X-135\.p2\pool\plugins\org.eclipse.justj.openjdk.hotspot.jre.full.win32.x86_64_17.0.6.v20230204-1729\jre\bin\jimage.dll
0x00007fff71aa0000 - 0x00007fff71c84000 	C:\WINDOWS\SYSTEM32\DBGHELP.DLL
0x00007fff67f10000 - 0x00007fff67f45000 	C:\WINDOWS\SYSTEM32\dbgcore.DLL
0x00007fff7e690000 - 0x00007fff7e712000 	C:\WINDOWS\System32\bcryptPrimitives.dll
0x00007fff5f530000 - 0x00007fff5f555000 	C:\Users\X-135\.p2\pool\plugins\org.eclipse.justj.openjdk.hotspot.jre.full.win32.x86_64_17.0.6.v20230204-1729\jre\bin\java.dll

dbghelp: loaded successfully - version: 4.0.5 - missing functions: none
symbol engine: initialized successfully - sym options: 0x614 - pdb path: .;C:\Users\X-135\.p2\pool\plugins\org.eclipse.justj.openjdk.hotspot.jre.full.win32.x86_64_17.0.6.v20230204-1729\jre\bin;C:\WINDOWS\SYSTEM32;C:\WINDOWS\WinSxS\amd64_microsoft.windows.common-controls_6595b64144ccf1df_6.0.19041.1110_none_60b5254171f9507e;C:\Users\X-135\.p2\pool\plugins\org.eclipse.justj.openjdk.hotspot.jre.full.win32.x86_64_17.0.6.v20230204-1729\jre\bin\server

VM Arguments:
jvm_args: -Dfile.encoding=UTF-8 --module-path=C:\Users\X-135\git\javaprojects\Kinematics\bin;C:\Users\X-135\.p2\pool\plugins\org.eclipse.fx.ide.css.jfx8_3.8.0.202204150904.jar;C:\Users\X-135\.p2\javafx-sdk-20\lib\javafx.base.jar;C:\Users\X-135\.p2\javafx-sdk-20\lib\javafx.controls.jar;C:\Users\X-135\.p2\javafx-sdk-20\lib\javafx.fxml.jar;C:\Users\X-135\.p2\javafx-sdk-20\lib\javafx.graphics.jar;C:\Users\X-135\.p2\javafx-sdk-20\lib\javafx.media.jar;C:\Users\X-135\.p2\javafx-sdk-20\lib\javafx.swing.jar;C:\Users\X-135\.p2\javafx-sdk-20\lib\javafx.web.jar;C:\Users\X-135\.p2\javafx-sdk-20\lib\javafx-swt.jar -XX:+ShowCodeDetailsInExceptionMessages -Djdk.module.main=HelloWorld 
java_command: HelloWorld/application.Main
java_class_path (initial): <not set>
Launcher Type: SUN_STANDARD

[Global flags]
     intx CICompilerCount                          = 3                                         {product} {ergonomic}
     uint ConcGCThreads                            = 1                                         {product} {ergonomic}
     uint G1ConcRefinementThreads                  = 4                                         {product} {ergonomic}
   size_t G1HeapRegionSize                         = 2097152                                   {product} {ergonomic}
    uintx GCDrainStackTargetSize                   = 64                                        {product} {ergonomic}
   size_t InitialHeapSize                          = 268435456                                 {product} {ergonomic}
   size_t MarkStackSize                            = 4194304                                   {product} {ergonomic}
   size_t MaxHeapSize                              = 4278190080                                {product} {ergonomic}
   size_t MinHeapDeltaBytes                        = 2097152                                   {product} {ergonomic}
   size_t MinHeapSize                              = 8388608                                   {product} {ergonomic}
    uintx NonNMethodCodeHeapSize                   = 5832780                                {pd product} {ergonomic}
    uintx NonProfiledCodeHeapSize                  = 122912730                              {pd product} {ergonomic}
    uintx ProfiledCodeHeapSize                     = 122912730                              {pd product} {ergonomic}
    uintx ReservedCodeCacheSize                    = 251658240                              {pd product} {ergonomic}
     bool SegmentedCodeCache                       = true                                      {product} {ergonomic}
     bool ShowCodeDetailsInExceptionMessages       = true                                   {manageable} {command line}
   size_t SoftMaxHeapSize                          = 4278190080                             {manageable} {ergonomic}
     bool UseCompressedClassPointers               = true                           {product lp64_product} {ergonomic}
     bool UseCompressedOops                        = true                           {product lp64_product} {ergonomic}
     bool UseG1GC                                  = true                                      {product} {ergonomic}
     bool UseLargePagesIndividualAllocation        = false                                  {pd product} {ergonomic}

Logging:
Log output configuration:
 #0: stdout all=warning uptime,level,tags
 #1: stderr all=off uptime,level,tags

Environment Variables:
JAVA_HOME=C:\Program Files (x86)\Java\jdk1.8.0_172
PATH=C:/Users/X-135/.p2/pool/plugins/org.eclipse.justj.openjdk.hotspot.jre.full.win32.x86_64_17.0.6.v20230204-1729/jre/bin/server;C:/Users/X-135/.p2/pool/plugins/org.eclipse.justj.openjdk.hotspot.jre.full.win32.x86_64_17.0.6.v20230204-1729/jre/bin;C:\Program Files\Microsoft\jdk-11.0.16.101-hotspot\bin;C:\Program Files\Microsoft MPI\Bin\;C:\Program Files (x86)\Common Files\Oracle\Java\javapath;C:\WINDOWS\system32;C:\WINDOWS;C:\WINDOWS\System32\Wbem;C:\WINDOWS\System32\WindowsPowerShell\v1.0\;C:\Program Files (x86)\NVIDIA Corporation\PhysX\Common;C:\Program Files\Common Files\Autodesk Shared\;C:\Program Files (x86)\Autodesk\Backburner\;C:\WINDOWS\System32\OpenSSH\;C:\Program Files\Microsoft VS Code\bin;C:\Program Files\dotnet\;C:\Program Files\NVIDIA Corporation\NVIDIA NvDLISR;C:\WINDOWS\system32;C:\WINDOWS;C:\WINDOWS\System32\Wbem;C:\WINDOWS\System32\WindowsPowerShell\v1.0\;C:\WINDOWS\System32\OpenSSH\;C:\Program Files\Microsoft SQL Server\Client SDK\ODBC\170\Tools\Binn\;C:\Program Files (x86)\Microsoft SQL Server\150\Tools\Binn\;C:\Program Files\Microsoft SQL Server\150\Tools\Binn\;C:\Program Files\Microsoft SQL Server\150\DTS\Binn\;C:\Program Files (x86)\Windows Kits\8.1\Windows Performance Toolkit\;C:\Program Files\PuTTY\;C:\Users\X-135\AppData\Local\Microsoft\WindowsApps;D:\MiniGW\mingw32\bin;C:\Users\X-135\AppData\Local\GitHubDesktop\bin;C:\Users\X-135\AppData\Local\Microsoft\WindowsApps;C:\Users\X-135\.dotnet\tools;C:\Users\X-135\eclipse\jee-2022-12\eclipse;
USERNAME=X-135
OS=Windows_NT
PROCESSOR_IDENTIFIER=Intel64 Family 6 Model 158 Stepping 9, GenuineIntel
TMP=C:\Users\X-135\AppData\Local\Temp
TEMP=C:\Users\X-135\AppData\Local\Temp



---------------  S Y S T E M  ---------------

OS:
 Windows 10 , 64 bit Build 19041 (10.0.19041.2546)
OS uptime: 7 days 9:09 hours

CPU: total 4 (initial active 4) (4 cores per cpu, 1 threads per core) family 6 model 158 stepping 9 microcode 0xb4, cx8, cmov, fxsr, mmx, 3dnowpref, sse, sse2, sse3, ssse3, sse4.1, sse4.2, popcnt, lzcnt, tsc, tscinvbit, avx, avx2, aes, erms, clmul, bmi1, bmi2, rtm, adx, fma, vzeroupper, clflush, clflushopt

Memory: 4k page, system-wide physical 16314M (3553M free)
TotalPageFile size 65466M (AvailPageFile size 235M)
current process WorkingSet (physical memory assigned to process): 10M, peak: 10M
current process commit charge ("private bytes"): 51M, peak: 307M

vm_info: OpenJDK 64-Bit Server VM (17.0.6+10) for windows-amd64 JRE (17.0.6+10), built on Jan 18 2023 10:08:59 by "temurin" with MS VC++ 16.7 (VS2019)

END.
